<?xml version="1.0" encoding="UTF-8"?>
<!-- Generated by org.testng.reporters.JUnitXMLReporter -->
<testsuite hostname="SA-PC" name="Test" tests="1" failures="1" timestamp="11 Jun 2018 09:52:29 GMT" time="13.591" errors="0">
  <testcase name="checkTxnSuccess" time="0.016" classname="com.automation.icici.lombard.tests.CheckTaxationSuccessTest">
    <failure type="java.lang.NoClassDefFoundError" message="net/sf/cglib/proxy/MethodInterceptor">
      <![CDATA[java.lang.NoClassDefFoundError: net/sf/cglib/proxy/MethodInterceptor
	at com.automation.icici.lombard.poms.SplashScreenActivity.<init>(SplashScreenActivity.java:19)
	at com.automation.icici.lombard.tests.CheckTaxationSuccessTest.checkTxnSuccess(CheckTaxationSuccessTest.java:11)
Caused by: java.lang.ClassNotFoundException: net.sf.cglib.proxy.MethodInterceptor
	at java.net.URLClassLoader.findClass(Unknown Source)
	at java.lang.ClassLoader.loadClass(Unknown Source)
	at sun.misc.Launcher$AppClassLoader.loadClass(Unknown Source)
	at java.lang.ClassLoader.loadClass(Unknown Source)
	... 26 more
... Removed 24 stack frames]]>
    </failure>
  </testcase> <!-- checkTxnSuccess -->
</testsuite> <!-- Test -->
