<?xml version="1.0" encoding="UTF-8"?>
<testng-results skipped="0" failed="0" total="1" passed="1">
  <reporter-output>
  </reporter-output>
  <suite name="Default suite" duration-ms="14059" started-at="2018-06-11T09:59:57Z" finished-at="2018-06-11T10:00:11Z">
    <groups>
    </groups>
    <test name="Default test" duration-ms="14059" started-at="2018-06-11T09:59:57Z" finished-at="2018-06-11T10:00:11Z">
      <class name="com.automation.icici.lombard.tests.CheckTaxationSuccessTest">
        <test-method status="PASS" signature="preStartUp()[pri:0, instance:com.automation.icici.lombard.tests.CheckTaxationSuccessTest@5cc7c2a6]" name="preStartUp" is-config="true" duration-ms="14014" started-at="2018-06-11T15:29:57Z" finished-at="2018-06-11T15:30:11Z">
          <reporter-output>
          </reporter-output>
        </test-method> <!-- preStartUp -->
        <test-method status="PASS" signature="checkTxnSuccess()[pri:0, instance:com.automation.icici.lombard.tests.CheckTaxationSuccessTest@5cc7c2a6]" name="checkTxnSuccess" duration-ms="17" started-at="2018-06-11T15:30:11Z" finished-at="2018-06-11T15:30:11Z">
          <reporter-output>
          </reporter-output>
        </test-method> <!-- checkTxnSuccess -->
        <test-method status="PASS" signature="postStartUp()[pri:0, instance:com.automation.icici.lombard.tests.CheckTaxationSuccessTest@5cc7c2a6]" name="postStartUp" is-config="true" duration-ms="0" started-at="2018-06-11T15:30:11Z" finished-at="2018-06-11T15:30:11Z">
          <reporter-output>
          </reporter-output>
        </test-method> <!-- postStartUp -->
      </class> <!-- com.automation.icici.lombard.tests.CheckTaxationSuccessTest -->
    </test> <!-- Default test -->
  </suite> <!-- Default suite -->
</testng-results>
